== APP - tapr-2023-1-aluno-javascript == 
== APP - tapr-2023-1-aluno-javascript == > microservmatricula@1.0.0 dev
== APP - tapr-2023-1-aluno-javascript == > nodemon server/index.ts | pino-pretty
== APP - tapr-2023-1-aluno-javascript == 
== APP - tapr-2023-1-aluno-javascript == [nodemon] 2.0.22
== APP - tapr-2023-1-aluno-javascript == [nodemon] to restart at any time, enter `rs`
== APP - tapr-2023-1-aluno-javascript == [nodemon] watching path(s): server/**/* .env
== APP - tapr-2023-1-aluno-javascript == [nodemon] watching extensions: ts,js,json,yaml,yml
== APP - tapr-2023-1-aluno-javascript == [nodemon] starting `ts-node server/index.ts`
== APP - tapr-2023-1-aluno-javascript == [1701388260444] INFO (tapr-2023-1-aluno-javascript/16418 on codespaces-75b048): up and running in development @: codespaces-75b048 on port: 3000}
== APP - tapr-2023-1-aluno-javascript == /workspaces/tapr-2023-equipe1-matricula-nodejs/microservmatricula/node_modules/@azure/cosmos/src/request/RequestHandler.ts:130
== APP - tapr-2023-1-aluno-javascript ==     const errorResponse: ErrorResponse = new ErrorResponse(result.message);
== APP - tapr-2023-1-aluno-javascript ==                                          ^
== APP - tapr-2023-1-aluno-javascript == ErrorResponse: Message: {"Errors":["Resource Not Found. Learn more: https:\/\/aka.ms\/cosmosdb-tsg-not-found"]}
== APP - tapr-2023-1-aluno-javascript == ActivityId: 760a1902-8a1e-4f19-9f03-7df9cfc14c6b, Request URI: /apps/824fdbc5-66be-4c9c-baf1-276a20e4a6d3/services/ee7f2e04-7df5-4760-b246-fd41f2c90622/partitions/e6609082-3a03-4cac-bddd-856292350da6/replicas/133331457076816410s, RequestStats: 
== APP - tapr-2023-1-aluno-javascript == RequestStartTime: 2023-11-30T23:51:09.6821766Z, RequestEndTime: 2023-11-30T23:51:09.6837470Z,  Number of regions attempted:1
== APP - tapr-2023-1-aluno-javascript == {"systemHistory":[{"dateUtc":"2023-11-30T23:50:09.9083097Z","cpu":0.653,"memory":649972004.000,"threadInfo":{"isThreadStarving":"False","threadWaitIntervalInMs":0.2095,"availableThreads":32763,"minThreads":64,"maxThreads":32767},"numberOfOpenTcpConnection":148},{"dateUtc":"2023-11-30T23:50:19.9180807Z","cpu":0.144,"memory":649964960.000,"threadInfo":{"isThreadStarving":"False","threadWaitIntervalInMs":0.1513,"availableThreads":32764,"minThreads":64,"maxThreads":32767},"numberOfOpenTcpConnection":148},{"dateUtc":"2023-11-30T23:50:29.9279456Z","cpu":0.266,"memory":649939364.000,"threadInfo":{"isThreadStarving":"False","threadWaitIntervalInMs":0.1297,"availableThreads":32764,"minThreads":64,"maxThreads":32767},"numberOfOpenTcpConnection":148},{"dateUtc":"2023-11-30T23:50:39.9378966Z","cpu":0.471,"memory":649950500.000,"threadInfo":{"isThreadStarving":"False","threadWaitIntervalInMs":0.3028,"availableThreads":32764,"minThreads":64,"maxThreads":32767},"numberOfOpenTcpConnection":148},{"dateUtc":"2023-11-30T23:50:49.9478098Z","cpu":0.132,"memory":649947680.000,"threadInfo":{"isThreadStarving":"False","threadWaitIntervalInMs":0.1842,"availableThreads":32764,"minThreads":64,"maxThreads":32767},"numberOfOpenTcpConnection":148},{"dateUtc":"2023-11-30T23:50:59.9577088Z","cpu":0.220,"memory":649944016.000,"threadInfo":{"isThreadStarving":"False","threadWaitIntervalInMs":0.1148,"availableThreads":32764,"minThreads":64,"maxThreads":32767},"numberOfOpenTcpConnection":148}]}
== APP - tapr-2023-1-aluno-javascript == RequestStart: 2023-11-30T23:51:09.6822936Z; ResponseTime: 2023-11-30T23:51:09.6837398Z; StoreResult: StorePhysicalAddress: rntbd://10.0.1.4:11300/apps/824fdbc5-66be-4c9c-baf1-276a20e4a6d3/services/ee7f2e04-7df5-4760-b246-fd41f2c90622/partitions/e6609082-3a03-4cac-bddd-856292350da6/replicas/133331457076816410s, LSN: 38, GlobalCommittedLsn: 38, PartitionKeyRangeId: , IsValid: True, StatusCode: 404, SubStatusCode: 0, RequestCharge: 1, ItemLSN: -1, SessionToken: -1#38, UsingLocalLSN: False, TransportException: null, BELatencyMs: 0.229, ActivityId: 760a1902-8a1e-4f19-9f03-7df9cfc14c6b, RetryAfterInMs: , ReplicaHealthStatuses: [(port: 11300 | status: Unknown | lkt: 11/12/2023 8:01:56 PM),(port: 11000 | status: Unknown | lkt: 11/12/2023 8:01:56 PM),(port: 11300 | status: Unknown | lkt: 11/12/2023 8:01:56 PM),(port: 11300 | status: Unknown | lkt: 11/12/2023 8:01:56 PM)], TransportRequestTimeline: {"requestTimeline":[{"event": "Created", "startTimeUtc": "2023-11-30T23:51:09.6822350Z", "durationInMs": 0.0062},{"event": "ChannelAcquisitionStarted", "startTimeUtc": "2023-11-30T23:51:09.6822412Z", "durationInMs": 0.0012},{"event": "Pipelined", "startTimeUtc": "2023-11-30T23:51:09.6822424Z", "durationInMs": 0.0453},{"event": "Transit Time", "startTimeUtc": "2023-11-30T23:51:09.6822877Z", "durationInMs": 0.5284},{"event": "Received", "startTimeUtc": "2023-11-30T23:51:09.6828161Z", "durationInMs": 0.112},{"event": "Completed", "startTimeUtc": "2023-11-30T23:51:09.6829281Z", "durationInMs": 0}],"serviceEndpointStats":{"inflightRequests":1,"openConnections":1},"connectionStats":{"waitforConnectionInit":"False","callsPendingReceive":0,"lastSendAttempt":"2023-11-30T23:51:09.6803779Z","lastSend":"2023-11-30T23:51:09.6803959Z","lastReceive":"2023-11-30T23:51:09.6815884Z"},"requestSizeInBytes":469,"responseMetadataSizeInBytes":135,"responseBodySizeInBytes":87};
== APP - tapr-2023-1-aluno-javascript ==  ResourceType: Collection, OperationType: Read
== APP - tapr-2023-1-aluno-javascript == RequestStart: 2023-11-30T23:51:09.6823255Z; ResponseTime: 2023-11-30T23:51:09.6837470Z; StoreResult: StorePhysicalAddress: rntbd://10.0.1.10:11000/apps/824fdbc5-66be-4c9c-baf1-276a20e4a6d3/services/ee7f2e04-7df5-4760-b246-fd41f2c90622/partitions/e6609082-3a03-4cac-bddd-856292350da6/replicas/133331457048691388s, LSN: 38, GlobalCommittedLsn: 38, PartitionKeyRangeId: , IsValid: True, StatusCode: 404, SubStatusCode: 0, RequestCharge: 1, ItemLSN: -1, SessionToken: -1#38, UsingLocalLSN: False, TransportException: null, BELatencyMs: 0.549, ActivityId: 760a1902-8a1e-4f19-9f03-7df9cfc14c6b, RetryAfterInMs: , ReplicaHealthStatuses: [(port: 11300 | status: Unknown | lkt: 11/12/2023 8:01:56 PM),(port: 11000 | status: Unknown | lkt: 11/12/2023 8:01:56 PM),(port: 11300 | status: Unknown | lkt: 11/12/2023 8:01:56 PM),(port: 11300 | status: Unknown | lkt: 11/12/2023 8:01:56 PM)], TransportRequestTimeline: {"requestTimeline":[{"event": "Created", "startTimeUtc": "2023-11-30T23:51:09.6822949Z", "durationInMs": 0.0023},{"event": "ChannelAcquisitionStarted", "startTimeUtc": "2023-11-30T23:51:09.6822972Z", "durationInMs": 0.001},{"event": "Pipelined", "startTimeUtc": "2023-11-30T23:51:09.6822982Z", "durationInMs": 0.0244},{"event": "Transit Time", "startTimeUtc": "2023-11-30T23:51:09.6823226Z", "durationInMs": 0.9803},{"event": "Received", "startTimeUtc": "2023-11-30T23:51:09.6833029Z", "durationInMs": 0.1429},{"event": "Completed", "startTimeUtc": "2023-11-30T23:51:09.6834458Z", "durationInMs": 0}],"serviceEndpointStats":{"inflightRequests":1,"openConnections":1},"connectionStats":{"waitforConnectionInit":"False","callsPendingReceive":0,"lastSendAttempt":"2023-11-30T23:51:09.6773199Z","lastSend":"2023-11-30T23:51:09.6773314Z","lastReceive":"2023-11-30T23:51:09.6782386Z"},"requestSizeInBytes":469,"responseMetadataSizeInBytes":135,"responseBodySizeInBytes":87};
== APP - tapr-2023-1-aluno-javascript ==  ResourceType: Collection, OperationType: Read
== APP - tapr-2023-1-aluno-javascript == , SDK: Microsoft.Azure.Documents.Common/2.14.0
== APP - tapr-2023-1-aluno-javascript ==     at httpRequest (/workspaces/tapr-2023-equipe1-matricula-nodejs/microservmatricula/node_modules/@azure/cosmos/src/request/RequestHandler.ts:130:42)
== APP - tapr-2023-1-aluno-javascript ==     at processTicksAndRejections (node:internal/process/task_queues:95:5)
== APP - tapr-2023-1-aluno-javascript ==     at async /workspaces/tapr-2023-equipe1-matricula-nodejs/microservmatricula/node_modules/@azure/cosmos/src/retry/retryUtility.ts:107:26
== APP - tapr-2023-1-aluno-javascript ==     at async addDignosticChild (/workspaces/tapr-2023-equipe1-matricula-nodejs/microservmatricula/node_modules/@azure/cosmos/src/utils/diagnostics.ts:67:22)
== APP - tapr-2023-1-aluno-javascript ==     at async addDignosticChild (/workspaces/tapr-2023-equipe1-matricula-nodejs/microservmatricula/node_modules/@azure/cosmos/src/utils/diagnostics.ts:67:22)
== APP - tapr-2023-1-aluno-javascript ==     at async ClientContext.read (/workspaces/tapr-2023-equipe1-matricula-nodejs/microservmatricula/node_modules/@azure/cosmos/src/ClientContext.ts:136:24)
== APP - tapr-2023-1-aluno-javascript ==     at async Container.readInternal (/workspaces/tapr-2023-equipe1-matricula-nodejs/microservmatricula/node_modules/@azure/cosmos/src/client/Container/Container.ts:148:22)
== APP - tapr-2023-1-aluno-javascript ==     at async withMetadataDiagnostics (/workspaces/tapr-2023-equipe1-matricula-nodejs/microservmatricula/node_modules/@azure/cosmos/src/utils/diagnostics.ts:101:27)
== APP - tapr-2023-1-aluno-javascript ==     at async Container.readPartitionKeyDefinition (/workspaces/tapr-2023-equipe1-matricula-nodejs/microservmatricula/node_modules/@azure/cosmos/src/client/Container/Container.ts:248:50)
== APP - tapr-2023-1-aluno-javascript ==     at async readPartitionKeyDefinition (/workspaces/tapr-2023-equipe1-matricula-nodejs/microservmatricula/node_modules/@azure/cosmos/src/client/ClientUtils.ts:12:34) {
== APP - tapr-2023-1-aluno-javascript ==   code: 404,
== APP - tapr-2023-1-aluno-javascript ==   body: {
== APP - tapr-2023-1-aluno-javascript ==     code: 'NotFound',
== APP - tapr-2023-1-aluno-javascript ==     message: 'Message: {"Errors":["Resource Not Found. Learn more: https:\\/\\/aka.ms\\/cosmosdb-tsg-not-found"]}\r\n' +
== APP - tapr-2023-1-aluno-javascript ==       'ActivityId: 760a1902-8a1e-4f19-9f03-7df9cfc14c6b, Request URI: /apps/824fdbc5-66be-4c9c-baf1-276a20e4a6d3/services/ee7f2e04-7df5-4760-b246-fd41f2c90622/partitions/e6609082-3a03-4cac-bddd-856292350da6/replicas/133331457076816410s, RequestStats: \r\n' +
== APP - tapr-2023-1-aluno-javascript ==       'RequestStartTime: 2023-11-30T23:51:09.6821766Z, RequestEndTime: 2023-11-30T23:51:09.6837470Z,  Number of regions attempted:1\r\n' +
== APP - tapr-2023-1-aluno-javascript ==       '{"systemHistory":[{"dateUtc":"2023-11-30T23:50:09.9083097Z","cpu":0.653,"memory":649972004.000,"threadInfo":{"isThreadStarving":"False","threadWaitIntervalInMs":0.2095,"availableThreads":32763,"minThreads":64,"maxThreads":32767},"numberOfOpenTcpConnection":148},{"dateUtc":"2023-11-30T23:50:19.9180807Z","cpu":0.144,"memory":649964960.000,"threadInfo":{"isThreadStarving":"False","threadWaitIntervalInMs":0.1513,"availableThreads":32764,"minThreads":64,"maxThreads":32767},"numberOfOpenTcpConnection":148},{"dateUtc":"2023-11-30T23:50:29.9279456Z","cpu":0.266,"memory":649939364.000,"threadInfo":{"isThreadStarving":"False","threadWaitIntervalInMs":0.1297,"availableThreads":32764,"minThreads":64,"maxThreads":32767},"numberOfOpenTcpConnection":148},{"dateUtc":"2023-11-30T23:50:39.9378966Z","cpu":0.471,"memory":649950500.000,"threadInfo":{"isThreadStarving":"False","threadWaitIntervalInMs":0.3028,"availableThreads":32764,"minThreads":64,"maxThreads":32767},"numberOfOpenTcpConnection":148},{"dateUtc":"2023-11-30T23:50:49.9478098Z","cpu":0.132,"memory":649947680.000,"threadInfo":{"isThreadStarving":"False","threadWaitIntervalInMs":0.1842,"availableThreads":32764,"minThreads":64,"maxThreads":32767},"numberOfOpenTcpConnection":148},{"dateUtc":"2023-11-30T23:50:59.9577088Z","cpu":0.220,"memory":649944016.000,"threadInfo":{"isThreadStarving":"False","threadWaitIntervalInMs":0.1148,"availableThreads":32764,"minThreads":64,"maxThreads":32767},"numberOfOpenTcpConnection":148}]}\r\n' +
== APP - tapr-2023-1-aluno-javascript ==       'RequestStart: 2023-11-30T23:51:09.6822936Z; ResponseTime: 2023-11-30T23:51:09.6837398Z; StoreResult: StorePhysicalAddress: rntbd://10.0.1.4:11300/apps/824fdbc5-66be-4c9c-baf1-276a20e4a6d3/services/ee7f2e04-7df5-4760-b246-fd41f2c90622/partitions/e6609082-3a03-4cac-bddd-856292350da6/replicas/133331457076816410s, LSN: 38, GlobalCommittedLsn: 38, PartitionKeyRangeId: , IsValid: True, StatusCode: 404, SubStatusCode: 0, RequestCharge: 1, ItemLSN: -1, SessionToken: -1#38, UsingLocalLSN: False, TransportException: null, BELatencyMs: 0.229, ActivityId: 760a1902-8a1e-4f19-9f03-7df9cfc14c6b, RetryAfterInMs: , ReplicaHealthStatuses: [(port: 11300 | status: Unknown | lkt: 11/12/2023 8:01:56 PM),(port: 11000 | status: Unknown | lkt: 11/12/2023 8:01:56 PM),(port: 11300 | status: Unknown | lkt: 11/12/2023 8:01:56 PM),(port: 11300 | status: Unknown | lkt: 11/12/2023 8:01:56 PM)], TransportRequestTimeline: {"requestTimeline":[{"event": "Created", "startTimeUtc": "2023-11-30T23:51:09.6822350Z", "durationInMs": 0.0062},{"event": "ChannelAcquisitionStarted", "startTimeUtc": "2023-11-30T23:51:09.6822412Z", "durationInMs": 0.0012},{"event": "Pipelined", "startTimeUtc": "2023-11-30T23:51:09.6822424Z", "durationInMs": 0.0453},{"event": "Transit Time", "startTimeUtc": "2023-11-30T23:51:09.6822877Z", "durationInMs": 0.5284},{"event": "Received", "startTimeUtc": "2023-11-30T23:51:09.6828161Z", "durationInMs": 0.112},{"event": "Completed", "startTimeUtc": "2023-11-30T23:51:09.6829281Z", "durationInMs": 0}],"serviceEndpointStats":{"inflightRequests":1,"openConnections":1},"connectionStats":{"waitforConnectionInit":"False","callsPendingReceive":0,"lastSendAttempt":"2023-11-30T23:51:09.6803779Z","lastSend":"2023-11-30T23:51:09.6803959Z","lastReceive":"2023-11-30T23:51:09.6815884Z"},"requestSizeInBytes":469,"responseMetadataSizeInBytes":135,"responseBodySizeInBytes":87};\r\n' +
== APP - tapr-2023-1-aluno-javascript ==       ' ResourceType: Collection, OperationType: Read\r\n' +
== APP - tapr-2023-1-aluno-javascript ==       'RequestStart: 2023-11-30T23:51:09.6823255Z; ResponseTime: 2023-11-30T23:51:09.6837470Z; StoreResult: StorePhysicalAddress: rntbd://10.0.1.10:11000/apps/824fdbc5-66be-4c9c-baf1-276a20e4a6d3/services/ee7f2e04-7df5-4760-b246-fd41f2c90622/partitions/e6609082-3a03-4cac-bddd-856292350da6/replicas/133331457048691388s, LSN: 38, GlobalCommittedLsn: 38, PartitionKeyRangeId: , IsValid: True, StatusCode: 404, SubStatusCode: 0, RequestCharge: 1, ItemLSN: -1, SessionToken: -1#38, UsingLocalLSN: False, TransportException: null, BELatencyMs: 0.549, ActivityId: 760a1902-8a1e-4f19-9f03-7df9cfc14c6b, RetryAfterInMs: , ReplicaHealthStatuses: [(port: 11300 | status: Unknown | lkt: 11/12/2023 8:01:56 PM),(port: 11000 | status: Unknown | lkt: 11/12/2023 8:01:56 PM),(port: 11300 | status: Unknown | lkt: 11/12/2023 8:01:56 PM),(port: 11300 | status: Unknown | lkt: 11/12/2023 8:01:56 PM)], TransportRequestTimeline: {"requestTimeline":[{"event": "Created", "startTimeUtc": "2023-11-30T23:51:09.6822949Z", "durationInMs": 0.0023},{"event": "ChannelAcquisitionStarted", "startTimeUtc": "2023-11-30T23:51:09.6822972Z", "durationInMs": 0.001},{"event": "Pipelined", "startTimeUtc": "2023-11-30T23:51:09.6822982Z", "durationInMs": 0.0244},{"event": "Transit Time", "startTimeUtc": "2023-11-30T23:51:09.6823226Z", "durationInMs": 0.9803},{"event": "Received", "startTimeUtc": "2023-11-30T23:51:09.6833029Z", "durationInMs": 0.1429},{"event": "Completed", "startTimeUtc": "2023-11-30T23:51:09.6834458Z", "durationInMs": 0}],"serviceEndpointStats":{"inflightRequests":1,"openConnections":1},"connectionStats":{"waitforConnectionInit":"False","callsPendingReceive":0,"lastSendAttempt":"2023-11-30T23:51:09.6773199Z","lastSend":"2023-11-30T23:51:09.6773314Z","lastReceive":"2023-11-30T23:51:09.6782386Z"},"requestSizeInBytes":469,"responseMetadataSizeInBytes":135,"responseBodySizeInBytes":87};\r\n' +
== APP - tapr-2023-1-aluno-javascript ==       ' ResourceType: Collection, OperationType: Read\r\n' +
== APP - tapr-2023-1-aluno-javascript ==       ', SDK: Microsoft.Azure.Documents.Common/2.14.0'
== APP - tapr-2023-1-aluno-javascript ==   },
== APP - tapr-2023-1-aluno-javascript ==   headers: {
== APP - tapr-2023-1-aluno-javascript ==     'content-length': '6231',
== APP - tapr-2023-1-aluno-javascript ==     date: 'Thu, 30 Nov 2023 23:51:09 GMT',
== APP - tapr-2023-1-aluno-javascript ==     'content-type': 'application/json',
== APP - tapr-2023-1-aluno-javascript ==     server: 'Microsoft-HTTPAPI/2.0',
== APP - tapr-2023-1-aluno-javascript ==     'x-ms-gatewayversion': 'version=2.14.0',
== APP - tapr-2023-1-aluno-javascript ==     'x-ms-aad-applied-role-assignment': '00000000-0000-0000-0000-000000000002',
== APP - tapr-2023-1-aluno-javascript ==     'x-ms-activity-id': '760a1902-8a1e-4f19-9f03-7df9cfc14c6b',
== APP - tapr-2023-1-aluno-javascript ==     'x-ms-last-state-change-utc': 'Wed, 25 Oct 2023 05:17:09.126 GMT',
== APP - tapr-2023-1-aluno-javascript ==     'x-ms-schemaversion': '1.16',
== APP - tapr-2023-1-aluno-javascript ==     lsn: '38',
== APP - tapr-2023-1-aluno-javascript ==     'x-ms-request-charge': '2',
== APP - tapr-2023-1-aluno-javascript ==     'x-ms-xp-role': '1',
== APP - tapr-2023-1-aluno-javascript ==     'x-ms-global-committed-lsn': '38',
== APP - tapr-2023-1-aluno-javascript ==     'x-ms-number-of-read-regions': '1',
== APP - tapr-2023-1-aluno-javascript ==     'x-ms-transport-request-id': '852687',
== APP - tapr-2023-1-aluno-javascript ==     'x-ms-cosmos-llsn': '38',
== APP - tapr-2023-1-aluno-javascript ==     'x-ms-session-token': '0:-1#38',
== APP - tapr-2023-1-aluno-javascript ==     'x-ms-request-duration-ms': '0.229',
== APP - tapr-2023-1-aluno-javascript ==     'x-ms-serviceversion': 'version=2.14.0.0',
== APP - tapr-2023-1-aluno-javascript ==     'strict-transport-security': 'max-age=31536000',
== APP - tapr-2023-1-aluno-javascript ==     'content-location': 'https://cosmosgabriel-brazilsouth.documents.azure.com/dbs/dbtapr/colls/aluno',
== APP - tapr-2023-1-aluno-javascript ==     'x-ms-throttle-retry-count': 0,
== APP - tapr-2023-1-aluno-javascript ==     'x-ms-throttle-retry-wait-time-ms': 0
== APP - tapr-2023-1-aluno-javascript ==   },
== APP - tapr-2023-1-aluno-javascript ==   activityId: '760a1902-8a1e-4f19-9f03-7df9cfc14c6b',
== APP - tapr-2023-1-aluno-javascript ==   diagnostics: CosmosDiagnostics {
== APP - tapr-2023-1-aluno-javascript ==     clientSideRequestStatistics: {
== APP - tapr-2023-1-aluno-javascript ==       requestStartTimeUTCInMs: 1701388266694,
== APP - tapr-2023-1-aluno-javascript ==       requestDurationInMs: 3063,
== APP - tapr-2023-1-aluno-javascript ==       totalRequestPayloadLengthInBytes: 0,
== APP - tapr-2023-1-aluno-javascript ==       totalResponsePayloadLengthInBytes: 7910,
== APP - tapr-2023-1-aluno-javascript ==       locationEndpointsContacted: [Array],
== APP - tapr-2023-1-aluno-javascript ==       metadataDiagnostics: [Object],
== APP - tapr-2023-1-aluno-javascript ==       retryDiagnostics: [Object],
== APP - tapr-2023-1-aluno-javascript ==       gatewayStatistics: []
== APP - tapr-2023-1-aluno-javascript ==     },
== APP - tapr-2023-1-aluno-javascript ==     diagnosticNode: undefined,
== APP - tapr-2023-1-aluno-javascript ==     clientConfig: undefined
== APP - tapr-2023-1-aluno-javascript ==   }
== APP - tapr-2023-1-aluno-javascript == }
== APP - tapr-2023-1-aluno-javascript == [nodemon] app crashed - waiting for file changes before starting...
== APP - tapr-2023-1-aluno-javascript == [nodemon] restarting due to changes...
== APP - tapr-2023-1-aluno-javascript == [nodemon] starting `ts-node server/index.ts`
== APP - tapr-2023-1-aluno-javascript == [nodemon] restarting due to changes...
== APP - tapr-2023-1-aluno-javascript == [nodemon] starting `ts-node server/index.ts`
== APP - tapr-2023-1-aluno-javascript == [nodemon] restarting due to changes...
== APP - tapr-2023-1-aluno-javascript == [nodemon] starting `ts-node server/index.ts`
== APP - tapr-2023-1-aluno-javascript == [nodemon] restarting due to changes...
== APP - tapr-2023-1-aluno-javascript == [nodemon] starting `ts-node server/index.ts`
== APP - tapr-2023-1-aluno-javascript == [1701388483566] INFO (tapr-2023-1-aluno-javascript/19206 on codespaces-75b048): up and running in development @: codespaces-75b048 on port: 3000}

termination signal received: shutting down
