Starting Dapr with id tapr-2023-1-aluno-javascript. HTTP Port: 40125. gRPC Port: 42829
Updating metadata for cliPID: 19407
time="2023-11-30T23:54:49.92667906Z" level=info msg="Starting Dapr Runtime -- version 1.12.2 -- commit f954254ed520409602024ea6d507d0405afa1f07" app_id=tapr-2023-1-aluno-javascript instance=codespaces-75b048 scope=dapr.runtime type=log ver=1.12.2
time="2023-11-30T23:54:49.926787382Z" level=info msg="Log level set to: info" app_id=tapr-2023-1-aluno-javascript instance=codespaces-75b048 scope=dapr.runtime type=log ver=1.12.2
time="2023-11-30T23:54:49.926992494Z" level=warning msg="mTLS is disabled. Skipping certificate request and tls validation" app_id=tapr-2023-1-aluno-javascript instance=codespaces-75b048 scope=dapr.runtime.security type=log ver=1.12.2
time="2023-11-30T23:54:49.928136035Z" level=info msg="metrics server started on :39169/" app_id=tapr-2023-1-aluno-javascript instance=codespaces-75b048 scope=dapr.runtime type=log ver=1.12.2
time="2023-11-30T23:54:49.928404766Z" level=info msg="standalone mode configured" app_id=tapr-2023-1-aluno-javascript instance=codespaces-75b048 scope=dapr.runtime type=log ver=1.12.2
time="2023-11-30T23:54:49.92847164Z" level=info msg="app id: tapr-2023-1-aluno-javascript" app_id=tapr-2023-1-aluno-javascript instance=codespaces-75b048 scope=dapr.runtime type=log ver=1.12.2
time="2023-11-30T23:54:49.928555417Z" level=info msg="Dapr trace sampler initialized: DaprTraceSampler(P=1.000000)" app_id=tapr-2023-1-aluno-javascript instance=codespaces-75b048 scope=dapr.runtime type=log ver=1.12.2
time="2023-11-30T23:54:49.929019562Z" level=info msg="local service entry announced: tapr-2023-1-aluno-javascript -> 172.16.5.4:35743" app_id=tapr-2023-1-aluno-javascript component="mdns (nameResolution/v1)" instance=codespaces-75b048 scope=dapr.contrib type=log ver=1.12.2
time="2023-11-30T23:54:49.929090684Z" level=info msg="Initialized name resolution to mdns" app_id=tapr-2023-1-aluno-javascript instance=codespaces-75b048 scope=dapr.runtime type=log ver=1.12.2
time="2023-11-30T23:54:49.929167607Z" level=info msg="Loading components…" app_id=tapr-2023-1-aluno-javascript instance=codespaces-75b048 scope=dapr.runtime type=log ver=1.12.2
time="2023-11-30T23:54:49.930025967Z" level=info msg="Waiting for all outstanding components to be processed…" app_id=tapr-2023-1-aluno-javascript instance=codespaces-75b048 scope=dapr.runtime type=log ver=1.12.2
time="2023-11-30T23:54:52.931399717Z" level=info msg="Component loaded: servicebus-pubsub (pubsub.azure.servicebus.topics/v1)" app_id=tapr-2023-1-aluno-javascript instance=codespaces-75b048 scope=dapr.runtime type=log ver=1.12.2
time="2023-11-30T23:54:52.931480378Z" level=info msg="All outstanding components processed" app_id=tapr-2023-1-aluno-javascript instance=codespaces-75b048 scope=dapr.runtime type=log ver=1.12.2
time="2023-11-30T23:54:52.931515914Z" level=info msg="Loading endpoints…" app_id=tapr-2023-1-aluno-javascript instance=codespaces-75b048 scope=dapr.runtime type=log ver=1.12.2
time="2023-11-30T23:54:52.931908536Z" level=info msg="Waiting for all outstanding http endpoints to be processed…" app_id=tapr-2023-1-aluno-javascript instance=codespaces-75b048 scope=dapr.runtime type=log ver=1.12.2
time="2023-11-30T23:54:52.931953499Z" level=info msg="All outstanding http endpoints processed" app_id=tapr-2023-1-aluno-javascript instance=codespaces-75b048 scope=dapr.runtime type=log ver=1.12.2
time="2023-11-30T23:54:52.932080305Z" level=info msg="gRPC server listening on TCP address: :42829" app_id=tapr-2023-1-aluno-javascript instance=codespaces-75b048 scope=dapr.runtime.grpc.api type=log ver=1.12.2
time="2023-11-30T23:54:52.932130469Z" level=info msg="Enabled gRPC tracing middleware" app_id=tapr-2023-1-aluno-javascript instance=codespaces-75b048 scope=dapr.runtime.grpc.api type=log ver=1.12.2
time="2023-11-30T23:54:52.932158872Z" level=info msg="Enabled gRPC metrics middleware" app_id=tapr-2023-1-aluno-javascript instance=codespaces-75b048 scope=dapr.runtime.grpc.api type=log ver=1.12.2
time="2023-11-30T23:54:52.932250212Z" level=info msg="Registering workflow engine for gRPC endpoint: [::]:42829" app_id=tapr-2023-1-aluno-javascript instance=codespaces-75b048 scope=dapr.runtime.grpc.api type=log ver=1.12.2
time="2023-11-30T23:54:52.932351852Z" level=info msg="API gRPC server is running on port 42829" app_id=tapr-2023-1-aluno-javascript instance=codespaces-75b048 scope=dapr.runtime type=log ver=1.12.2
time="2023-11-30T23:54:52.932452179Z" level=info msg="Enabled max body size HTTP middleware with size 4 MB" app_id=tapr-2023-1-aluno-javascript instance=codespaces-75b048 scope=dapr.runtime.http type=log ver=1.12.2
time="2023-11-30T23:54:52.932487795Z" level=info msg="Enabled tracing HTTP middleware" app_id=tapr-2023-1-aluno-javascript instance=codespaces-75b048 scope=dapr.runtime.http type=log ver=1.12.2
time="2023-11-30T23:54:52.932529994Z" level=info msg="Enabled metrics HTTP middleware" app_id=tapr-2023-1-aluno-javascript instance=codespaces-75b048 scope=dapr.runtime.http type=log ver=1.12.2
time="2023-11-30T23:54:52.932915402Z" level=info msg="HTTP server listening on TCP address: :40125" app_id=tapr-2023-1-aluno-javascript instance=codespaces-75b048 scope=dapr.runtime.http type=log ver=1.12.2
time="2023-11-30T23:54:52.933388844Z" level=info msg="HTTP server is running on port 40125" app_id=tapr-2023-1-aluno-javascript instance=codespaces-75b048 scope=dapr.runtime type=log ver=1.12.2
time="2023-11-30T23:54:52.933419141Z" level=info msg="The request body size parameter is: 4" app_id=tapr-2023-1-aluno-javascript instance=codespaces-75b048 scope=dapr.runtime type=log ver=1.12.2
time="2023-11-30T23:54:52.933470266Z" level=info msg="gRPC server listening on TCP address: :35743" app_id=tapr-2023-1-aluno-javascript instance=codespaces-75b048 scope=dapr.runtime.grpc.internal type=log ver=1.12.2
time="2023-11-30T23:54:52.933730922Z" level=info msg="Enabled gRPC tracing middleware" app_id=tapr-2023-1-aluno-javascript instance=codespaces-75b048 scope=dapr.runtime.grpc.internal type=log ver=1.12.2
time="2023-11-30T23:54:52.933765777Z" level=info msg="Enabled gRPC metrics middleware" app_id=tapr-2023-1-aluno-javascript instance=codespaces-75b048 scope=dapr.runtime.grpc.internal type=log ver=1.12.2
time="2023-11-30T23:54:52.933819687Z" level=info msg="Internal gRPC server is running on port 35743" app_id=tapr-2023-1-aluno-javascript instance=codespaces-75b048 scope=dapr.runtime type=log ver=1.12.2
time="2023-11-30T23:54:52.934266871Z" level=info msg="application protocol: http. waiting on port 3000.  This will block until the app is listening on that port." app_id=tapr-2023-1-aluno-javascript instance=codespaces-75b048 scope=dapr.runtime type=log ver=1.12.2
time="2023-11-30T23:54:54.247178604Z" level=info msg="application discovered on port 3000" app_id=tapr-2023-1-aluno-javascript instance=codespaces-75b048 scope=dapr.runtime type=log ver=1.12.2
time="2023-11-30T23:54:54.378814025Z" level=info msg="Application configuration loaded" app_id=tapr-2023-1-aluno-javascript instance=codespaces-75b048 scope=dapr.runtime type=log ver=1.12.2
time="2023-11-30T23:54:54.378876081Z" level=info msg="actors: state store is not configured - this is okay for clients but services with hosted actors will fail to initialize!" app_id=tapr-2023-1-aluno-javascript instance=codespaces-75b048 scope=dapr.runtime type=log ver=1.12.2
time="2023-11-30T23:54:54.378953946Z" level=info msg="Actor runtime started. Actor idle timeout: 1h0m0s. Actor scan interval: 30s" app_id=tapr-2023-1-aluno-javascript instance=codespaces-75b048 scope=dapr.runtime.actor type=log ver=1.12.2
time="2023-11-30T23:54:54.378990363Z" level=info msg="Configuring workflow engine with actors backend" app_id=tapr-2023-1-aluno-javascript instance=codespaces-75b048 scope=dapr.runtime.wfengine type=log ver=1.12.2
time="2023-11-30T23:54:54.379018235Z" level=info msg="Registering component for dapr workflow engine..." app_id=tapr-2023-1-aluno-javascript instance=codespaces-75b048 scope=dapr.runtime type=log ver=1.12.2
time="2023-11-30T23:54:54.379056577Z" level=info msg="Initializing Dapr workflow component" app_id=tapr-2023-1-aluno-javascript component="dapr (workflow.dapr/v1)" instance=codespaces-75b048 scope=dapr.contrib type=log ver=1.12.2
time="2023-11-30T23:54:54.3925375Z" level=info msg="Placement tables updated, version: 0" app_id=tapr-2023-1-aluno-javascript instance=codespaces-75b048 scope=dapr.runtime.actors.placement type=log ver=1.12.2
time="2023-11-30T23:54:54.398607212Z" level=info msg="app is subscribed to the following topics: [topico-equipe-1-matricula] through pubsub=servicebus-pubsub" app_id=tapr-2023-1-aluno-javascript instance=codespaces-75b048 scope=dapr.runtime.processor.pubsub type=log ver=1.12.2
Updating metadata for app command: npm run dev
Updating metadata for appPID: 19421
You're up and running! Dapr logs will appear here.

time="2023-11-30T23:54:56.914187401Z" level=info msg="dapr initialized. Status: Running. Init Elapsed 6985ms" app_id=tapr-2023-1-aluno-javascript instance=codespaces-75b048 scope=dapr.runtime type=log ver=1.12.2
