== APP - tapr-2023-1-aluno-javascript == 
== APP - tapr-2023-1-aluno-javascript == > microservmatricula@1.0.0 dev
== APP - tapr-2023-1-aluno-javascript == > nodemon server/index.ts | pino-pretty
== APP - tapr-2023-1-aluno-javascript == 
== APP - tapr-2023-1-aluno-javascript == [nodemon] 2.0.22
== APP - tapr-2023-1-aluno-javascript == [nodemon] to restart at any time, enter `rs`
== APP - tapr-2023-1-aluno-javascript == [nodemon] watching path(s): server/**/* .env
== APP - tapr-2023-1-aluno-javascript == [nodemon] watching extensions: ts,js,json,yaml,yml
== APP - tapr-2023-1-aluno-javascript == [nodemon] starting `ts-node server/index.ts`
== APP - tapr-2023-1-aluno-javascript == [1701388494236] INFO (tapr-2023-1-aluno-javascript/19472 on codespaces-75b048): up and running in development @: codespaces-75b048 on port: 3000}
== APP - tapr-2023-1-aluno-javascript == aqui
== APP - tapr-2023-1-aluno-javascript == /workspaces/tapr-2023-equipe1-matricula-nodejs/microservmatricula/node_modules/@azure/cosmos/src/request/RequestHandler.ts:130
== APP - tapr-2023-1-aluno-javascript ==     const errorResponse: ErrorResponse = new ErrorResponse(result.message);
== APP - tapr-2023-1-aluno-javascript ==                                          ^
== APP - tapr-2023-1-aluno-javascript == ErrorResponse: Message: {"Errors":["Resource Not Found. Learn more: https:\/\/aka.ms\/cosmosdb-tsg-not-found"]}
== APP - tapr-2023-1-aluno-javascript == ActivityId: d774f235-463d-48c6-99c1-3117fd41b0a6, Request URI: /apps/824fdbc5-66be-4c9c-baf1-276a20e4a6d3/services/ee7f2e04-7df5-4760-b246-fd41f2c90622/partitions/e6609082-3a03-4cac-bddd-856292350da6/replicas/133331457076816410s, RequestStats: 
== APP - tapr-2023-1-aluno-javascript == RequestStartTime: 2023-11-30T23:55:05.0134390Z, RequestEndTime: 2023-11-30T23:55:05.0151429Z,  Number of regions attempted:1
== APP - tapr-2023-1-aluno-javascript == {"systemHistory":[{"dateUtc":"2023-11-30T23:54:11.2073869Z","cpu":0.195,"memory":654237936.000,"threadInfo":{"isThreadStarving":"False","threadWaitIntervalInMs":0.2092,"availableThreads":32764,"minThreads":64,"maxThreads":32767},"numberOfOpenTcpConnection":135},{"dateUtc":"2023-11-30T23:54:21.2172270Z","cpu":0.190,"memory":654231940.000,"threadInfo":{"isThreadStarving":"False","threadWaitIntervalInMs":0.2099,"availableThreads":32764,"minThreads":64,"maxThreads":32767},"numberOfOpenTcpConnection":135},{"dateUtc":"2023-11-30T23:54:31.2272218Z","cpu":0.330,"memory":654211516.000,"threadInfo":{"isThreadStarving":"False","threadWaitIntervalInMs":0.0637,"availableThreads":32764,"minThreads":64,"maxThreads":32767},"numberOfOpenTcpConnection":294},{"dateUtc":"2023-11-30T23:54:41.2372024Z","cpu":0.171,"memory":654216644.000,"threadInfo":{"isThreadStarving":"False","threadWaitIntervalInMs":0.0798,"availableThreads":32764,"minThreads":64,"maxThreads":32767},"numberOfOpenTcpConnection":294},{"dateUtc":"2023-11-30T23:54:51.2472290Z","cpu":0.193,"memory":654232540.000,"threadInfo":{"isThreadStarving":"False","threadWaitIntervalInMs":0.0266,"availableThreads":32764,"minThreads":64,"maxThreads":32767},"numberOfOpenTcpConnection":294},{"dateUtc":"2023-11-30T23:55:01.2573470Z","cpu":0.161,"memory":654211752.000,"threadInfo":{"isThreadStarving":"False","threadWaitIntervalInMs":0.2173,"availableThreads":32764,"minThreads":64,"maxThreads":32767},"numberOfOpenTcpConnection":294}]}
== APP - tapr-2023-1-aluno-javascript == RequestStart: 2023-11-30T23:55:05.0135620Z; ResponseTime: 2023-11-30T23:55:05.0151359Z; StoreResult: StorePhysicalAddress: rntbd://10.0.1.4:11300/apps/824fdbc5-66be-4c9c-baf1-276a20e4a6d3/services/ee7f2e04-7df5-4760-b246-fd41f2c90622/partitions/e6609082-3a03-4cac-bddd-856292350da6/replicas/133331457076816410s, LSN: 38, GlobalCommittedLsn: 38, PartitionKeyRangeId: , IsValid: True, StatusCode: 404, SubStatusCode: 0, RequestCharge: 1, ItemLSN: -1, SessionToken: -1#38, UsingLocalLSN: False, TransportException: null, BELatencyMs: 0.2, ActivityId: d774f235-463d-48c6-99c1-3117fd41b0a6, RetryAfterInMs: , ReplicaHealthStatuses: [(port: 11300 | status: Unknown | lkt: 11/12/2023 7:15:35 PM),(port: 11000 | status: Unknown | lkt: 11/12/2023 7:15:35 PM),(port: 11300 | status: Unknown | lkt: 11/12/2023 7:15:35 PM),(port: 11300 | status: Unknown | lkt: 11/12/2023 7:15:35 PM)], TransportRequestTimeline: {"requestTimeline":[{"event": "Created", "startTimeUtc": "2023-11-30T23:55:05.0134775Z", "durationInMs": 0.0128},{"event": "ChannelAcquisitionStarted", "startTimeUtc": "2023-11-30T23:55:05.0134903Z", "durationInMs": 0.0019},{"event": "Pipelined", "startTimeUtc": "2023-11-30T23:55:05.0134922Z", "durationInMs": 0.0603},{"event": "Transit Time", "startTimeUtc": "2023-11-30T23:55:05.0135525Z", "durationInMs": 0.7687},{"event": "Received", "startTimeUtc": "2023-11-30T23:55:05.0143212Z", "durationInMs": 0.1156},{"event": "Completed", "startTimeUtc": "2023-11-30T23:55:05.0144368Z", "durationInMs": 0}],"serviceEndpointStats":{"inflightRequests":1,"openConnections":1},"connectionStats":{"waitforConnectionInit":"False","callsPendingReceive":0,"lastSendAttempt":"2023-11-30T23:55:05.0122605Z","lastSend":"2023-11-30T23:55:05.0122771Z","lastReceive":"2023-11-30T23:55:05.0130612Z"},"requestSizeInBytes":479,"responseMetadataSizeInBytes":135,"responseBodySizeInBytes":87};
== APP - tapr-2023-1-aluno-javascript ==  ResourceType: Collection, OperationType: Read
== APP - tapr-2023-1-aluno-javascript == RequestStart: 2023-11-30T23:55:05.0136024Z; ResponseTime: 2023-11-30T23:55:05.0151429Z; StoreResult: StorePhysicalAddress: rntbd://10.0.1.12:11300/apps/824fdbc5-66be-4c9c-baf1-276a20e4a6d3/services/ee7f2e04-7df5-4760-b246-fd41f2c90622/partitions/e6609082-3a03-4cac-bddd-856292350da6/replicas/133417403326692440s, LSN: 38, GlobalCommittedLsn: 38, PartitionKeyRangeId: , IsValid: True, StatusCode: 404, SubStatusCode: 0, RequestCharge: 1, ItemLSN: -1, SessionToken: -1#38, UsingLocalLSN: False, TransportException: null, BELatencyMs: 0.523, ActivityId: d774f235-463d-48c6-99c1-3117fd41b0a6, RetryAfterInMs: , ReplicaHealthStatuses: [(port: 11300 | status: Unknown | lkt: 11/12/2023 7:15:35 PM),(port: 11000 | status: Unknown | lkt: 11/12/2023 7:15:35 PM),(port: 11300 | status: Unknown | lkt: 11/12/2023 7:15:35 PM),(port: 11300 | status: Unknown | lkt: 11/12/2023 7:15:35 PM)], TransportRequestTimeline: {"requestTimeline":[{"event": "Created", "startTimeUtc": "2023-11-30T23:55:05.0135634Z", "durationInMs": 0.0027},{"event": "ChannelAcquisitionStarted", "startTimeUtc": "2023-11-30T23:55:05.0135661Z", "durationInMs": 0.001},{"event": "Pipelined", "startTimeUtc": "2023-11-30T23:55:05.0135671Z", "durationInMs": 0.0309},{"event": "Transit Time", "startTimeUtc": "2023-11-30T23:55:05.0135980Z", "durationInMs": 0.866},{"event": "Received", "startTimeUtc": "2023-11-30T23:55:05.0144640Z", "durationInMs": 0.0844},{"event": "Completed", "startTimeUtc": "2023-11-30T23:55:05.0145484Z", "durationInMs": 0}],"serviceEndpointStats":{"inflightRequests":1,"openConnections":1},"connectionStats":{"waitforConnectionInit":"False","callsPendingReceive":0,"lastSendAttempt":"2023-11-30T23:55:05.0121934Z","lastSend":"2023-11-30T23:55:05.0122309Z","lastReceive":"2023-11-30T23:55:05.0131733Z"},"requestSizeInBytes":479,"responseMetadataSizeInBytes":135,"responseBodySizeInBytes":87};
== APP - tapr-2023-1-aluno-javascript ==  ResourceType: Collection, OperationType: Read
== APP - tapr-2023-1-aluno-javascript == , SDK: Microsoft.Azure.Documents.Common/2.14.0
== APP - tapr-2023-1-aluno-javascript ==     at httpRequest (/workspaces/tapr-2023-equipe1-matricula-nodejs/microservmatricula/node_modules/@azure/cosmos/src/request/RequestHandler.ts:130:42)
== APP - tapr-2023-1-aluno-javascript ==     at processTicksAndRejections (node:internal/process/task_queues:95:5)
== APP - tapr-2023-1-aluno-javascript ==     at async /workspaces/tapr-2023-equipe1-matricula-nodejs/microservmatricula/node_modules/@azure/cosmos/src/retry/retryUtility.ts:107:26
== APP - tapr-2023-1-aluno-javascript ==     at async addDignosticChild (/workspaces/tapr-2023-equipe1-matricula-nodejs/microservmatricula/node_modules/@azure/cosmos/src/utils/diagnostics.ts:67:22)
== APP - tapr-2023-1-aluno-javascript ==     at async addDignosticChild (/workspaces/tapr-2023-equipe1-matricula-nodejs/microservmatricula/node_modules/@azure/cosmos/src/utils/diagnostics.ts:67:22)
== APP - tapr-2023-1-aluno-javascript ==     at async ClientContext.read (/workspaces/tapr-2023-equipe1-matricula-nodejs/microservmatricula/node_modules/@azure/cosmos/src/ClientContext.ts:136:24)
== APP - tapr-2023-1-aluno-javascript ==     at async Container.readInternal (/workspaces/tapr-2023-equipe1-matricula-nodejs/microservmatricula/node_modules/@azure/cosmos/src/client/Container/Container.ts:148:22)
== APP - tapr-2023-1-aluno-javascript ==     at async withMetadataDiagnostics (/workspaces/tapr-2023-equipe1-matricula-nodejs/microservmatricula/node_modules/@azure/cosmos/src/utils/diagnostics.ts:101:27)
== APP - tapr-2023-1-aluno-javascript ==     at async Container.readPartitionKeyDefinition (/workspaces/tapr-2023-equipe1-matricula-nodejs/microservmatricula/node_modules/@azure/cosmos/src/client/Container/Container.ts:248:50)
== APP - tapr-2023-1-aluno-javascript ==     at async readPartitionKeyDefinition (/workspaces/tapr-2023-equipe1-matricula-nodejs/microservmatricula/node_modules/@azure/cosmos/src/client/ClientUtils.ts:12:34) {
== APP - tapr-2023-1-aluno-javascript ==   code: 404,
== APP - tapr-2023-1-aluno-javascript ==   body: {
== APP - tapr-2023-1-aluno-javascript ==     code: 'NotFound',
== APP - tapr-2023-1-aluno-javascript ==     message: 'Message: {"Errors":["Resource Not Found. Learn more: https:\\/\\/aka.ms\\/cosmosdb-tsg-not-found"]}\r\n' +
== APP - tapr-2023-1-aluno-javascript ==       'ActivityId: d774f235-463d-48c6-99c1-3117fd41b0a6, Request URI: /apps/824fdbc5-66be-4c9c-baf1-276a20e4a6d3/services/ee7f2e04-7df5-4760-b246-fd41f2c90622/partitions/e6609082-3a03-4cac-bddd-856292350da6/replicas/133331457076816410s, RequestStats: \r\n' +
== APP - tapr-2023-1-aluno-javascript ==       'RequestStartTime: 2023-11-30T23:55:05.0134390Z, RequestEndTime: 2023-11-30T23:55:05.0151429Z,  Number of regions attempted:1\r\n' +
== APP - tapr-2023-1-aluno-javascript ==       '{"systemHistory":[{"dateUtc":"2023-11-30T23:54:11.2073869Z","cpu":0.195,"memory":654237936.000,"threadInfo":{"isThreadStarving":"False","threadWaitIntervalInMs":0.2092,"availableThreads":32764,"minThreads":64,"maxThreads":32767},"numberOfOpenTcpConnection":135},{"dateUtc":"2023-11-30T23:54:21.2172270Z","cpu":0.190,"memory":654231940.000,"threadInfo":{"isThreadStarving":"False","threadWaitIntervalInMs":0.2099,"availableThreads":32764,"minThreads":64,"maxThreads":32767},"numberOfOpenTcpConnection":135},{"dateUtc":"2023-11-30T23:54:31.2272218Z","cpu":0.330,"memory":654211516.000,"threadInfo":{"isThreadStarving":"False","threadWaitIntervalInMs":0.0637,"availableThreads":32764,"minThreads":64,"maxThreads":32767},"numberOfOpenTcpConnection":294},{"dateUtc":"2023-11-30T23:54:41.2372024Z","cpu":0.171,"memory":654216644.000,"threadInfo":{"isThreadStarving":"False","threadWaitIntervalInMs":0.0798,"availableThreads":32764,"minThreads":64,"maxThreads":32767},"numberOfOpenTcpConnection":294},{"dateUtc":"2023-11-30T23:54:51.2472290Z","cpu":0.193,"memory":654232540.000,"threadInfo":{"isThreadStarving":"False","threadWaitIntervalInMs":0.0266,"availableThreads":32764,"minThreads":64,"maxThreads":32767},"numberOfOpenTcpConnection":294},{"dateUtc":"2023-11-30T23:55:01.2573470Z","cpu":0.161,"memory":654211752.000,"threadInfo":{"isThreadStarving":"False","threadWaitIntervalInMs":0.2173,"availableThreads":32764,"minThreads":64,"maxThreads":32767},"numberOfOpenTcpConnection":294}]}\r\n' +
== APP - tapr-2023-1-aluno-javascript ==       'RequestStart: 2023-11-30T23:55:05.0135620Z; ResponseTime: 2023-11-30T23:55:05.0151359Z; StoreResult: StorePhysicalAddress: rntbd://10.0.1.4:11300/apps/824fdbc5-66be-4c9c-baf1-276a20e4a6d3/services/ee7f2e04-7df5-4760-b246-fd41f2c90622/partitions/e6609082-3a03-4cac-bddd-856292350da6/replicas/133331457076816410s, LSN: 38, GlobalCommittedLsn: 38, PartitionKeyRangeId: , IsValid: True, StatusCode: 404, SubStatusCode: 0, RequestCharge: 1, ItemLSN: -1, SessionToken: -1#38, UsingLocalLSN: False, TransportException: null, BELatencyMs: 0.2, ActivityId: d774f235-463d-48c6-99c1-3117fd41b0a6, RetryAfterInMs: , ReplicaHealthStatuses: [(port: 11300 | status: Unknown | lkt: 11/12/2023 7:15:35 PM),(port: 11000 | status: Unknown | lkt: 11/12/2023 7:15:35 PM),(port: 11300 | status: Unknown | lkt: 11/12/2023 7:15:35 PM),(port: 11300 | status: Unknown | lkt: 11/12/2023 7:15:35 PM)], TransportRequestTimeline: {"requestTimeline":[{"event": "Created", "startTimeUtc": "2023-11-30T23:55:05.0134775Z", "durationInMs": 0.0128},{"event": "ChannelAcquisitionStarted", "startTimeUtc": "2023-11-30T23:55:05.0134903Z", "durationInMs": 0.0019},{"event": "Pipelined", "startTimeUtc": "2023-11-30T23:55:05.0134922Z", "durationInMs": 0.0603},{"event": "Transit Time", "startTimeUtc": "2023-11-30T23:55:05.0135525Z", "durationInMs": 0.7687},{"event": "Received", "startTimeUtc": "2023-11-30T23:55:05.0143212Z", "durationInMs": 0.1156},{"event": "Completed", "startTimeUtc": "2023-11-30T23:55:05.0144368Z", "durationInMs": 0}],"serviceEndpointStats":{"inflightRequests":1,"openConnections":1},"connectionStats":{"waitforConnectionInit":"False","callsPendingReceive":0,"lastSendAttempt":"2023-11-30T23:55:05.0122605Z","lastSend":"2023-11-30T23:55:05.0122771Z","lastReceive":"2023-11-30T23:55:05.0130612Z"},"requestSizeInBytes":479,"responseMetadataSizeInBytes":135,"responseBodySizeInBytes":87};\r\n' +
== APP - tapr-2023-1-aluno-javascript ==       ' ResourceType: Collection, OperationType: Read\r\n' +
== APP - tapr-2023-1-aluno-javascript ==       'RequestStart: 2023-11-30T23:55:05.0136024Z; ResponseTime: 2023-11-30T23:55:05.0151429Z; StoreResult: StorePhysicalAddress: rntbd://10.0.1.12:11300/apps/824fdbc5-66be-4c9c-baf1-276a20e4a6d3/services/ee7f2e04-7df5-4760-b246-fd41f2c90622/partitions/e6609082-3a03-4cac-bddd-856292350da6/replicas/133417403326692440s, LSN: 38, GlobalCommittedLsn: 38, PartitionKeyRangeId: , IsValid: True, StatusCode: 404, SubStatusCode: 0, RequestCharge: 1, ItemLSN: -1, SessionToken: -1#38, UsingLocalLSN: False, TransportException: null, BELatencyMs: 0.523, ActivityId: d774f235-463d-48c6-99c1-3117fd41b0a6, RetryAfterInMs: , ReplicaHealthStatuses: [(port: 11300 | status: Unknown | lkt: 11/12/2023 7:15:35 PM),(port: 11000 | status: Unknown | lkt: 11/12/2023 7:15:35 PM),(port: 11300 | status: Unknown | lkt: 11/12/2023 7:15:35 PM),(port: 11300 | status: Unknown | lkt: 11/12/2023 7:15:35 PM)], TransportRequestTimeline: {"requestTimeline":[{"event": "Created", "startTimeUtc": "2023-11-30T23:55:05.0135634Z", "durationInMs": 0.0027},{"event": "ChannelAcquisitionStarted", "startTimeUtc": "2023-11-30T23:55:05.0135661Z", "durationInMs": 0.001},{"event": "Pipelined", "startTimeUtc": "2023-11-30T23:55:05.0135671Z", "durationInMs": 0.0309},{"event": "Transit Time", "startTimeUtc": "2023-11-30T23:55:05.0135980Z", "durationInMs": 0.866},{"event": "Received", "startTimeUtc": "2023-11-30T23:55:05.0144640Z", "durationInMs": 0.0844},{"event": "Completed", "startTimeUtc": "2023-11-30T23:55:05.0145484Z", "durationInMs": 0}],"serviceEndpointStats":{"inflightRequests":1,"openConnections":1},"connectionStats":{"waitforConnectionInit":"False","callsPendingReceive":0,"lastSendAttempt":"2023-11-30T23:55:05.0121934Z","lastSend":"2023-11-30T23:55:05.0122309Z","lastReceive":"2023-11-30T23:55:05.0131733Z"},"requestSizeInBytes":479,"responseMetadataSizeInBytes":135,"responseBodySizeInBytes":87};\r\n' +
== APP - tapr-2023-1-aluno-javascript ==       ' ResourceType: Collection, OperationType: Read\r\n' +
== APP - tapr-2023-1-aluno-javascript ==       ', SDK: Microsoft.Azure.Documents.Common/2.14.0'
== APP - tapr-2023-1-aluno-javascript ==   },
== APP - tapr-2023-1-aluno-javascript ==   headers: {
== APP - tapr-2023-1-aluno-javascript ==     'content-length': '6229',
== APP - tapr-2023-1-aluno-javascript ==     date: 'Thu, 30 Nov 2023 23:55:04 GMT',
== APP - tapr-2023-1-aluno-javascript ==     'content-type': 'application/json',
== APP - tapr-2023-1-aluno-javascript ==     server: 'Microsoft-HTTPAPI/2.0',
== APP - tapr-2023-1-aluno-javascript ==     'x-ms-gatewayversion': 'version=2.14.0',
== APP - tapr-2023-1-aluno-javascript ==     'x-ms-aad-applied-role-assignment': '00000000-0000-0000-0000-000000000002',
== APP - tapr-2023-1-aluno-javascript ==     'x-ms-activity-id': 'd774f235-463d-48c6-99c1-3117fd41b0a6',
== APP - tapr-2023-1-aluno-javascript ==     'x-ms-last-state-change-utc': 'Wed, 25 Oct 2023 05:17:09.126 GMT',
== APP - tapr-2023-1-aluno-javascript ==     'x-ms-schemaversion': '1.16',
== APP - tapr-2023-1-aluno-javascript ==     lsn: '38',
== APP - tapr-2023-1-aluno-javascript ==     'x-ms-request-charge': '2',
== APP - tapr-2023-1-aluno-javascript ==     'x-ms-xp-role': '1',
== APP - tapr-2023-1-aluno-javascript ==     'x-ms-global-committed-lsn': '38',
== APP - tapr-2023-1-aluno-javascript ==     'x-ms-number-of-read-regions': '1',
== APP - tapr-2023-1-aluno-javascript ==     'x-ms-transport-request-id': '821680',
== APP - tapr-2023-1-aluno-javascript ==     'x-ms-cosmos-llsn': '38',
== APP - tapr-2023-1-aluno-javascript ==     'x-ms-session-token': '0:-1#38',
== APP - tapr-2023-1-aluno-javascript ==     'x-ms-request-duration-ms': '0.2',
== APP - tapr-2023-1-aluno-javascript ==     'x-ms-serviceversion': 'version=2.14.0.0',
== APP - tapr-2023-1-aluno-javascript ==     'strict-transport-security': 'max-age=31536000',
== APP - tapr-2023-1-aluno-javascript ==     'content-location': 'https://cosmosgabriel-brazilsouth.documents.azure.com/dbs/dbtapr/colls/aluno',
== APP - tapr-2023-1-aluno-javascript ==     'x-ms-throttle-retry-count': 0,
== APP - tapr-2023-1-aluno-javascript ==     'x-ms-throttle-retry-wait-time-ms': 0
== APP - tapr-2023-1-aluno-javascript ==   },
== APP - tapr-2023-1-aluno-javascript ==   activityId: 'd774f235-463d-48c6-99c1-3117fd41b0a6',
== APP - tapr-2023-1-aluno-javascript ==   diagnostics: CosmosDiagnostics {
== APP - tapr-2023-1-aluno-javascript ==     clientSideRequestStatistics: {
== APP - tapr-2023-1-aluno-javascript ==       requestStartTimeUTCInMs: 1701388502411,
== APP - tapr-2023-1-aluno-javascript ==       requestDurationInMs: 2679,
== APP - tapr-2023-1-aluno-javascript ==       totalRequestPayloadLengthInBytes: 0,
== APP - tapr-2023-1-aluno-javascript ==       totalResponsePayloadLengthInBytes: 7908,
== APP - tapr-2023-1-aluno-javascript ==       locationEndpointsContacted: [Array],
== APP - tapr-2023-1-aluno-javascript ==       metadataDiagnostics: [Object],
== APP - tapr-2023-1-aluno-javascript ==       retryDiagnostics: [Object],
== APP - tapr-2023-1-aluno-javascript ==       gatewayStatistics: []
== APP - tapr-2023-1-aluno-javascript ==     },
== APP - tapr-2023-1-aluno-javascript ==     diagnosticNode: undefined,
== APP - tapr-2023-1-aluno-javascript ==     clientConfig: undefined
== APP - tapr-2023-1-aluno-javascript ==   }
== APP - tapr-2023-1-aluno-javascript == }
== APP - tapr-2023-1-aluno-javascript == [nodemon] app crashed - waiting for file changes before starting...
== APP - tapr-2023-1-aluno-javascript == [nodemon] restarting due to changes...
== APP - tapr-2023-1-aluno-javascript == [nodemon] starting `ts-node server/index.ts`
== APP - tapr-2023-1-aluno-javascript == [nodemon] restarting due to changes...
== APP - tapr-2023-1-aluno-javascript == [nodemon] starting `ts-node server/index.ts`
== APP - tapr-2023-1-aluno-javascript == [nodemon] restarting due to changes...
== APP - tapr-2023-1-aluno-javascript == [nodemon] starting `ts-node server/index.ts`
== APP - tapr-2023-1-aluno-javascript == [1701388593000] INFO (tapr-2023-1-aluno-javascript/20959 on codespaces-75b048): up and running in development @: codespaces-75b048 on port: 3000}
== APP - tapr-2023-1-aluno-javascript == aqui
== APP - tapr-2023-1-aluno-javascript == {
== APP - tapr-2023-1-aluno-javascript ==   id: 'engesoft',
== APP - tapr-2023-1-aluno-javascript ==   nome: 'engesoft',
== APP - tapr-2023-1-aluno-javascript ==   docente: 'walter',
== APP - tapr-2023-1-aluno-javascript ==   aluno: 'gabriel',
== APP - tapr-2023-1-aluno-javascript ==   disciplina: 'tapr'
== APP - tapr-2023-1-aluno-javascript == }
== APP - tapr-2023-1-aluno-javascript == /workspaces/tapr-2023-equipe1-matricula-nodejs/microservmatricula/node_modules/@azure/cosmos/src/request/RequestHandler.ts:130
== APP - tapr-2023-1-aluno-javascript ==     const errorResponse: ErrorResponse = new ErrorResponse(result.message);
== APP - tapr-2023-1-aluno-javascript ==                                          ^
== APP - tapr-2023-1-aluno-javascript == ErrorResponse: Message: {"Errors":["Resource Not Found. Learn more: https:\/\/aka.ms\/cosmosdb-tsg-not-found"]}
== APP - tapr-2023-1-aluno-javascript == ActivityId: 3f36f4c9-8e2a-4ee6-b286-c96cc5960b09, Request URI: /apps/824fdbc5-66be-4c9c-baf1-276a20e4a6d3/services/ee7f2e04-7df5-4760-b246-fd41f2c90622/partitions/e6609082-3a03-4cac-bddd-856292350da6/replicas/133331457076816410s, RequestStats: 
== APP - tapr-2023-1-aluno-javascript == RequestStartTime: 2023-11-30T23:56:39.5324917Z, RequestEndTime: 2023-11-30T23:56:39.5346377Z,  Number of regions attempted:1
== APP - tapr-2023-1-aluno-javascript == {"systemHistory":[{"dateUtc":"2023-11-30T23:55:44.2859981Z","cpu":0.090,"memory":652338936.000,"threadInfo":{"isThreadStarving":"False","threadWaitIntervalInMs":0.2371,"availableThreads":32764,"minThreads":64,"maxThreads":32767},"numberOfOpenTcpConnection":137},{"dateUtc":"2023-11-30T23:55:54.2961347Z","cpu":0.102,"memory":652354216.000,"threadInfo":{"isThreadStarving":"False","threadWaitIntervalInMs":0.1114,"availableThreads":32764,"minThreads":64,"maxThreads":32767},"numberOfOpenTcpConnection":137},{"dateUtc":"2023-11-30T23:56:04.3060807Z","cpu":0.102,"memory":652354176.000,"threadInfo":{"isThreadStarving":"False","threadWaitIntervalInMs":0.1066,"availableThreads":32764,"minThreads":64,"maxThreads":32767},"numberOfOpenTcpConnection":137},{"dateUtc":"2023-11-30T23:56:14.3161102Z","cpu":0.071,"memory":652350544.000,"threadInfo":{"isThreadStarving":"False","threadWaitIntervalInMs":0.2287,"availableThreads":32764,"minThreads":64,"maxThreads":32767},"numberOfOpenTcpConnection":137},{"dateUtc":"2023-11-30T23:56:24.3262106Z","cpu":0.115,"memory":652350760.000,"threadInfo":{"isThreadStarving":"False","threadWaitIntervalInMs":0.0969,"availableThreads":32764,"minThreads":64,"maxThreads":32767},"numberOfOpenTcpConnection":137},{"dateUtc":"2023-11-30T23:56:34.3362573Z","cpu":0.066,"memory":652331560.000,"threadInfo":{"isThreadStarving":"False","threadWaitIntervalInMs":0.178,"availableThreads":32764,"minThreads":64,"maxThreads":32767},"numberOfOpenTcpConnection":137}]}
== APP - tapr-2023-1-aluno-javascript == RequestStart: 2023-11-30T23:56:39.5325687Z; ResponseTime: 2023-11-30T23:56:39.5346309Z; StoreResult: StorePhysicalAddress: rntbd://10.0.1.4:11300/apps/824fdbc5-66be-4c9c-baf1-276a20e4a6d3/services/ee7f2e04-7df5-4760-b246-fd41f2c90622/partitions/e6609082-3a03-4cac-bddd-856292350da6/replicas/133331457076816410s, LSN: 38, GlobalCommittedLsn: 38, PartitionKeyRangeId: , IsValid: True, StatusCode: 404, SubStatusCode: 0, RequestCharge: 1, ItemLSN: -1, SessionToken: -1#38, UsingLocalLSN: False, TransportException: null, BELatencyMs: 0.44, ActivityId: 3f36f4c9-8e2a-4ee6-b286-c96cc5960b09, RetryAfterInMs: , ReplicaHealthStatuses: [(port: 11300 | status: Unknown | lkt: 11/12/2023 8:04:21 PM),(port: 11000 | status: Unknown | lkt: 11/12/2023 8:04:21 PM),(port: 11300 | status: Unknown | lkt: 11/12/2023 8:04:21 PM),(port: 11300 | status: Unknown | lkt: 11/12/2023 8:04:21 PM)], TransportRequestTimeline: {"requestTimeline":[{"event": "Created", "startTimeUtc": "2023-11-30T23:56:39.5325182Z", "durationInMs": 0.0056},{"event": "ChannelAcquisitionStarted", "startTimeUtc": "2023-11-30T23:56:39.5325238Z", "durationInMs": 0.0011},{"event": "Pipelined", "startTimeUtc": "2023-11-30T23:56:39.5325249Z", "durationInMs": 0.039},{"event": "Transit Time", "startTimeUtc": "2023-11-30T23:56:39.5325639Z", "durationInMs": 1.1137},{"event": "Received", "startTimeUtc": "2023-11-30T23:56:39.5336776Z", "durationInMs": 0.1067},{"event": "Completed", "startTimeUtc": "2023-11-30T23:56:39.5337843Z", "durationInMs": 0}],"serviceEndpointStats":{"inflightRequests":1,"openConnections":1},"connectionStats":{"waitforConnectionInit":"False","callsPendingReceive":0,"lastSendAttempt":"2023-11-30T23:56:39.5308359Z","lastSend":"2023-11-30T23:56:39.5308507Z","lastReceive":"2023-11-30T23:56:39.5321030Z"},"requestSizeInBytes":471,"responseMetadataSizeInBytes":135,"responseBodySizeInBytes":87};
== APP - tapr-2023-1-aluno-javascript ==  ResourceType: Collection, OperationType: Read
== APP - tapr-2023-1-aluno-javascript == RequestStart: 2023-11-30T23:56:39.5326025Z; ResponseTime: 2023-11-30T23:56:39.5346377Z; StoreResult: StorePhysicalAddress: rntbd://10.0.1.12:11300/apps/824fdbc5-66be-4c9c-baf1-276a20e4a6d3/services/ee7f2e04-7df5-4760-b246-fd41f2c90622/partitions/e6609082-3a03-4cac-bddd-856292350da6/replicas/133417403326692440s, LSN: 38, GlobalCommittedLsn: 38, PartitionKeyRangeId: , IsValid: True, StatusCode: 404, SubStatusCode: 0, RequestCharge: 1, ItemLSN: -1, SessionToken: -1#38, UsingLocalLSN: False, TransportException: null, BELatencyMs: 0.228, ActivityId: 3f36f4c9-8e2a-4ee6-b286-c96cc5960b09, RetryAfterInMs: , ReplicaHealthStatuses: [(port: 11300 | status: Unknown | lkt: 11/12/2023 8:04:21 PM),(port: 11000 | status: Unknown | lkt: 11/12/2023 8:04:21 PM),(port: 11300 | status: Unknown | lkt: 11/12/2023 8:04:21 PM),(port: 11300 | status: Unknown | lkt: 11/12/2023 8:04:21 PM)], TransportRequestTimeline: {"requestTimeline":[{"event": "Created", "startTimeUtc": "2023-11-30T23:56:39.5325701Z", "durationInMs": 0.0023},{"event": "ChannelAcquisitionStarted", "startTimeUtc": "2023-11-30T23:56:39.5325724Z", "durationInMs": 0.0006},{"event": "Pipelined", "startTimeUtc": "2023-11-30T23:56:39.5325730Z", "durationInMs": 0.0266},{"event": "Transit Time", "startTimeUtc": "2023-11-30T23:56:39.5325996Z", "durationInMs": 0.9625},{"event": "Received", "startTimeUtc": "2023-11-30T23:56:39.5335621Z", "durationInMs": 0.1113},{"event": "Completed", "startTimeUtc": "2023-11-30T23:56:39.5336734Z", "durationInMs": 0}],"serviceEndpointStats":{"inflightRequests":1,"openConnections":1},"connectionStats":{"waitforConnectionInit":"False","callsPendingReceive":0,"lastSendAttempt":"2023-11-30T23:56:39.5307723Z","lastSend":"2023-11-30T23:56:39.5308086Z","lastReceive":"2023-11-30T23:56:39.5323078Z"},"requestSizeInBytes":471,"responseMetadataSizeInBytes":135,"responseBodySizeInBytes":87};
== APP - tapr-2023-1-aluno-javascript ==  ResourceType: Collection, OperationType: Read
== APP - tapr-2023-1-aluno-javascript == , SDK: Microsoft.Azure.Documents.Common/2.14.0
== APP - tapr-2023-1-aluno-javascript ==     at httpRequest (/workspaces/tapr-2023-equipe1-matricula-nodejs/microservmatricula/node_modules/@azure/cosmos/src/request/RequestHandler.ts:130:42)
== APP - tapr-2023-1-aluno-javascript ==     at processTicksAndRejections (node:internal/process/task_queues:95:5)
== APP - tapr-2023-1-aluno-javascript ==     at async /workspaces/tapr-2023-equipe1-matricula-nodejs/microservmatricula/node_modules/@azure/cosmos/src/retry/retryUtility.ts:107:26
== APP - tapr-2023-1-aluno-javascript ==     at async addDignosticChild (/workspaces/tapr-2023-equipe1-matricula-nodejs/microservmatricula/node_modules/@azure/cosmos/src/utils/diagnostics.ts:67:22)
== APP - tapr-2023-1-aluno-javascript ==     at async addDignosticChild (/workspaces/tapr-2023-equipe1-matricula-nodejs/microservmatricula/node_modules/@azure/cosmos/src/utils/diagnostics.ts:67:22)
== APP - tapr-2023-1-aluno-javascript ==     at async ClientContext.read (/workspaces/tapr-2023-equipe1-matricula-nodejs/microservmatricula/node_modules/@azure/cosmos/src/ClientContext.ts:136:24)
== APP - tapr-2023-1-aluno-javascript ==     at async Container.readInternal (/workspaces/tapr-2023-equipe1-matricula-nodejs/microservmatricula/node_modules/@azure/cosmos/src/client/Container/Container.ts:148:22)
== APP - tapr-2023-1-aluno-javascript ==     at async withMetadataDiagnostics (/workspaces/tapr-2023-equipe1-matricula-nodejs/microservmatricula/node_modules/@azure/cosmos/src/utils/diagnostics.ts:101:27)
== APP - tapr-2023-1-aluno-javascript ==     at async Container.readPartitionKeyDefinition (/workspaces/tapr-2023-equipe1-matricula-nodejs/microservmatricula/node_modules/@azure/cosmos/src/client/Container/Container.ts:248:50)
== APP - tapr-2023-1-aluno-javascript ==     at async readPartitionKeyDefinition (/workspaces/tapr-2023-equipe1-matricula-nodejs/microservmatricula/node_modules/@azure/cosmos/src/client/ClientUtils.ts:12:34) {
== APP - tapr-2023-1-aluno-javascript ==   code: 404,
== APP - tapr-2023-1-aluno-javascript ==   body: {
== APP - tapr-2023-1-aluno-javascript ==     code: 'NotFound',
== APP - tapr-2023-1-aluno-javascript ==     message: 'Message: {"Errors":["Resource Not Found. Learn more: https:\\/\\/aka.ms\\/cosmosdb-tsg-not-found"]}\r\n' +
== APP - tapr-2023-1-aluno-javascript ==       'ActivityId: 3f36f4c9-8e2a-4ee6-b286-c96cc5960b09, Request URI: /apps/824fdbc5-66be-4c9c-baf1-276a20e4a6d3/services/ee7f2e04-7df5-4760-b246-fd41f2c90622/partitions/e6609082-3a03-4cac-bddd-856292350da6/replicas/133331457076816410s, RequestStats: \r\n' +
== APP - tapr-2023-1-aluno-javascript ==       'RequestStartTime: 2023-11-30T23:56:39.5324917Z, RequestEndTime: 2023-11-30T23:56:39.5346377Z,  Number of regions attempted:1\r\n' +
== APP - tapr-2023-1-aluno-javascript ==       '{"systemHistory":[{"dateUtc":"2023-11-30T23:55:44.2859981Z","cpu":0.090,"memory":652338936.000,"threadInfo":{"isThreadStarving":"False","threadWaitIntervalInMs":0.2371,"availableThreads":32764,"minThreads":64,"maxThreads":32767},"numberOfOpenTcpConnection":137},{"dateUtc":"2023-11-30T23:55:54.2961347Z","cpu":0.102,"memory":652354216.000,"threadInfo":{"isThreadStarving":"False","threadWaitIntervalInMs":0.1114,"availableThreads":32764,"minThreads":64,"maxThreads":32767},"numberOfOpenTcpConnection":137},{"dateUtc":"2023-11-30T23:56:04.3060807Z","cpu":0.102,"memory":652354176.000,"threadInfo":{"isThreadStarving":"False","threadWaitIntervalInMs":0.1066,"availableThreads":32764,"minThreads":64,"maxThreads":32767},"numberOfOpenTcpConnection":137},{"dateUtc":"2023-11-30T23:56:14.3161102Z","cpu":0.071,"memory":652350544.000,"threadInfo":{"isThreadStarving":"False","threadWaitIntervalInMs":0.2287,"availableThreads":32764,"minThreads":64,"maxThreads":32767},"numberOfOpenTcpConnection":137},{"dateUtc":"2023-11-30T23:56:24.3262106Z","cpu":0.115,"memory":652350760.000,"threadInfo":{"isThreadStarving":"False","threadWaitIntervalInMs":0.0969,"availableThreads":32764,"minThreads":64,"maxThreads":32767},"numberOfOpenTcpConnection":137},{"dateUtc":"2023-11-30T23:56:34.3362573Z","cpu":0.066,"memory":652331560.000,"threadInfo":{"isThreadStarving":"False","threadWaitIntervalInMs":0.178,"availableThreads":32764,"minThreads":64,"maxThreads":32767},"numberOfOpenTcpConnection":137}]}\r\n' +
== APP - tapr-2023-1-aluno-javascript ==       'RequestStart: 2023-11-30T23:56:39.5325687Z; ResponseTime: 2023-11-30T23:56:39.5346309Z; StoreResult: StorePhysicalAddress: rntbd://10.0.1.4:11300/apps/824fdbc5-66be-4c9c-baf1-276a20e4a6d3/services/ee7f2e04-7df5-4760-b246-fd41f2c90622/partitions/e6609082-3a03-4cac-bddd-856292350da6/replicas/133331457076816410s, LSN: 38, GlobalCommittedLsn: 38, PartitionKeyRangeId: , IsValid: True, StatusCode: 404, SubStatusCode: 0, RequestCharge: 1, ItemLSN: -1, SessionToken: -1#38, UsingLocalLSN: False, TransportException: null, BELatencyMs: 0.44, ActivityId: 3f36f4c9-8e2a-4ee6-b286-c96cc5960b09, RetryAfterInMs: , ReplicaHealthStatuses: [(port: 11300 | status: Unknown | lkt: 11/12/2023 8:04:21 PM),(port: 11000 | status: Unknown | lkt: 11/12/2023 8:04:21 PM),(port: 11300 | status: Unknown | lkt: 11/12/2023 8:04:21 PM),(port: 11300 | status: Unknown | lkt: 11/12/2023 8:04:21 PM)], TransportRequestTimeline: {"requestTimeline":[{"event": "Created", "startTimeUtc": "2023-11-30T23:56:39.5325182Z", "durationInMs": 0.0056},{"event": "ChannelAcquisitionStarted", "startTimeUtc": "2023-11-30T23:56:39.5325238Z", "durationInMs": 0.0011},{"event": "Pipelined", "startTimeUtc": "2023-11-30T23:56:39.5325249Z", "durationInMs": 0.039},{"event": "Transit Time", "startTimeUtc": "2023-11-30T23:56:39.5325639Z", "durationInMs": 1.1137},{"event": "Received", "startTimeUtc": "2023-11-30T23:56:39.5336776Z", "durationInMs": 0.1067},{"event": "Completed", "startTimeUtc": "2023-11-30T23:56:39.5337843Z", "durationInMs": 0}],"serviceEndpointStats":{"inflightRequests":1,"openConnections":1},"connectionStats":{"waitforConnectionInit":"False","callsPendingReceive":0,"lastSendAttempt":"2023-11-30T23:56:39.5308359Z","lastSend":"2023-11-30T23:56:39.5308507Z","lastReceive":"2023-11-30T23:56:39.5321030Z"},"requestSizeInBytes":471,"responseMetadataSizeInBytes":135,"responseBodySizeInBytes":87};\r\n' +
== APP - tapr-2023-1-aluno-javascript ==       ' ResourceType: Collection, OperationType: Read\r\n' +
== APP - tapr-2023-1-aluno-javascript ==       'RequestStart: 2023-11-30T23:56:39.5326025Z; ResponseTime: 2023-11-30T23:56:39.5346377Z; StoreResult: StorePhysicalAddress: rntbd://10.0.1.12:11300/apps/824fdbc5-66be-4c9c-baf1-276a20e4a6d3/services/ee7f2e04-7df5-4760-b246-fd41f2c90622/partitions/e6609082-3a03-4cac-bddd-856292350da6/replicas/133417403326692440s, LSN: 38, GlobalCommittedLsn: 38, PartitionKeyRangeId: , IsValid: True, StatusCode: 404, SubStatusCode: 0, RequestCharge: 1, ItemLSN: -1, SessionToken: -1#38, UsingLocalLSN: False, TransportException: null, BELatencyMs: 0.228, ActivityId: 3f36f4c9-8e2a-4ee6-b286-c96cc5960b09, RetryAfterInMs: , ReplicaHealthStatuses: [(port: 11300 | status: Unknown | lkt: 11/12/2023 8:04:21 PM),(port: 11000 | status: Unknown | lkt: 11/12/2023 8:04:21 PM),(port: 11300 | status: Unknown | lkt: 11/12/2023 8:04:21 PM),(port: 11300 | status: Unknown | lkt: 11/12/2023 8:04:21 PM)], TransportRequestTimeline: {"requestTimeline":[{"event": "Created", "startTimeUtc": "2023-11-30T23:56:39.5325701Z", "durationInMs": 0.0023},{"event": "ChannelAcquisitionStarted", "startTimeUtc": "2023-11-30T23:56:39.5325724Z", "durationInMs": 0.0006},{"event": "Pipelined", "startTimeUtc": "2023-11-30T23:56:39.5325730Z", "durationInMs": 0.0266},{"event": "Transit Time", "startTimeUtc": "2023-11-30T23:56:39.5325996Z", "durationInMs": 0.9625},{"event": "Received", "startTimeUtc": "2023-11-30T23:56:39.5335621Z", "durationInMs": 0.1113},{"event": "Completed", "startTimeUtc": "2023-11-30T23:56:39.5336734Z", "durationInMs": 0}],"serviceEndpointStats":{"inflightRequests":1,"openConnections":1},"connectionStats":{"waitforConnectionInit":"False","callsPendingReceive":0,"lastSendAttempt":"2023-11-30T23:56:39.5307723Z","lastSend":"2023-11-30T23:56:39.5308086Z","lastReceive":"2023-11-30T23:56:39.5323078Z"},"requestSizeInBytes":471,"responseMetadataSizeInBytes":135,"responseBodySizeInBytes":87};\r\n' +
== APP - tapr-2023-1-aluno-javascript ==       ' ResourceType: Collection, OperationType: Read\r\n' +
== APP - tapr-2023-1-aluno-javascript ==       ', SDK: Microsoft.Azure.Documents.Common/2.14.0'
== APP - tapr-2023-1-aluno-javascript ==   },
== APP - tapr-2023-1-aluno-javascript ==   headers: {
== APP - tapr-2023-1-aluno-javascript ==     'content-length': '6230',
== APP - tapr-2023-1-aluno-javascript ==     date: 'Thu, 30 Nov 2023 23:56:39 GMT',
== APP - tapr-2023-1-aluno-javascript ==     'content-type': 'application/json',
== APP - tapr-2023-1-aluno-javascript ==     server: 'Microsoft-HTTPAPI/2.0',
== APP - tapr-2023-1-aluno-javascript ==     'x-ms-gatewayversion': 'version=2.14.0',
== APP - tapr-2023-1-aluno-javascript ==     'x-ms-aad-applied-role-assignment': '00000000-0000-0000-0000-000000000002',
== APP - tapr-2023-1-aluno-javascript ==     'x-ms-activity-id': '3f36f4c9-8e2a-4ee6-b286-c96cc5960b09',
== APP - tapr-2023-1-aluno-javascript ==     'x-ms-last-state-change-utc': 'Wed, 25 Oct 2023 05:17:09.126 GMT',
== APP - tapr-2023-1-aluno-javascript ==     'x-ms-schemaversion': '1.16',
== APP - tapr-2023-1-aluno-javascript ==     lsn: '38',
== APP - tapr-2023-1-aluno-javascript ==     'x-ms-request-charge': '2',
== APP - tapr-2023-1-aluno-javascript ==     'x-ms-xp-role': '1',
== APP - tapr-2023-1-aluno-javascript ==     'x-ms-global-committed-lsn': '38',
== APP - tapr-2023-1-aluno-javascript ==     'x-ms-number-of-read-regions': '1',
== APP - tapr-2023-1-aluno-javascript ==     'x-ms-transport-request-id': '862048',
== APP - tapr-2023-1-aluno-javascript ==     'x-ms-cosmos-llsn': '38',
== APP - tapr-2023-1-aluno-javascript ==     'x-ms-session-token': '0:-1#38',
== APP - tapr-2023-1-aluno-javascript ==     'x-ms-request-duration-ms': '0.44',
== APP - tapr-2023-1-aluno-javascript ==     'x-ms-serviceversion': 'version=2.14.0.0',
== APP - tapr-2023-1-aluno-javascript ==     'strict-transport-security': 'max-age=31536000',
== APP - tapr-2023-1-aluno-javascript ==     'content-location': 'https://cosmosgabriel-brazilsouth.documents.azure.com/dbs/dbtapr/colls/aluno',
== APP - tapr-2023-1-aluno-javascript ==     'x-ms-throttle-retry-count': 0,
== APP - tapr-2023-1-aluno-javascript ==     'x-ms-throttle-retry-wait-time-ms': 0
== APP - tapr-2023-1-aluno-javascript ==   },
== APP - tapr-2023-1-aluno-javascript ==   activityId: '3f36f4c9-8e2a-4ee6-b286-c96cc5960b09',
== APP - tapr-2023-1-aluno-javascript ==   diagnostics: CosmosDiagnostics {
== APP - tapr-2023-1-aluno-javascript ==     clientSideRequestStatistics: {
== APP - tapr-2023-1-aluno-javascript ==       requestStartTimeUTCInMs: 1701388597053,
== APP - tapr-2023-1-aluno-javascript ==       requestDurationInMs: 2557,
== APP - tapr-2023-1-aluno-javascript ==       totalRequestPayloadLengthInBytes: 0,
== APP - tapr-2023-1-aluno-javascript ==       totalResponsePayloadLengthInBytes: 7909,
== APP - tapr-2023-1-aluno-javascript ==       locationEndpointsContacted: [Array],
== APP - tapr-2023-1-aluno-javascript ==       metadataDiagnostics: [Object],
== APP - tapr-2023-1-aluno-javascript ==       retryDiagnostics: [Object],
== APP - tapr-2023-1-aluno-javascript ==       gatewayStatistics: []
== APP - tapr-2023-1-aluno-javascript ==     },
== APP - tapr-2023-1-aluno-javascript ==     diagnosticNode: undefined,
== APP - tapr-2023-1-aluno-javascript ==     clientConfig: undefined
== APP - tapr-2023-1-aluno-javascript ==   }
== APP - tapr-2023-1-aluno-javascript == }
== APP - tapr-2023-1-aluno-javascript == [nodemon] app crashed - waiting for file changes before starting...
== APP - tapr-2023-1-aluno-javascript == [nodemon] restarting due to changes...
== APP - tapr-2023-1-aluno-javascript == [nodemon] starting `ts-node server/index.ts`
== APP - tapr-2023-1-aluno-javascript == [1701388667630] INFO (tapr-2023-1-aluno-javascript/21925 on codespaces-75b048): up and running in development @: codespaces-75b048 on port: 3000}
== APP - tapr-2023-1-aluno-javascript == aqui
== APP - tapr-2023-1-aluno-javascript == {
== APP - tapr-2023-1-aluno-javascript ==   id: 'engesoft',
== APP - tapr-2023-1-aluno-javascript ==   nome: 'engesoft',
== APP - tapr-2023-1-aluno-javascript ==   docente: 'walter',
== APP - tapr-2023-1-aluno-javascript ==   aluno: 'gabriel',
== APP - tapr-2023-1-aluno-javascript ==   disciplina: 'tapr'
== APP - tapr-2023-1-aluno-javascript == }
