Starting Dapr with id tapr-2023-1-aluno-javascript. HTTP Port: 35897. gRPC Port: 37579
Updating metadata for cliPID: 58654
time="2023-11-24T01:18:51.10122045Z" level=info msg="Starting Dapr Runtime -- version 1.12.2 -- commit f954254ed520409602024ea6d507d0405afa1f07" app_id=tapr-2023-1-aluno-javascript instance=codespaces-75b048 scope=dapr.runtime type=log ver=1.12.2
time="2023-11-24T01:18:51.102106821Z" level=info msg="Log level set to: info" app_id=tapr-2023-1-aluno-javascript instance=codespaces-75b048 scope=dapr.runtime type=log ver=1.12.2
time="2023-11-24T01:18:51.122039154Z" level=warning msg="mTLS is disabled. Skipping certificate request and tls validation" app_id=tapr-2023-1-aluno-javascript instance=codespaces-75b048 scope=dapr.runtime.security type=log ver=1.12.2
time="2023-11-24T01:18:51.140893748Z" level=info msg="metrics server started on :44019/" app_id=tapr-2023-1-aluno-javascript instance=codespaces-75b048 scope=dapr.runtime type=log ver=1.12.2
time="2023-11-24T01:18:51.141772686Z" level=info msg="standalone mode configured" app_id=tapr-2023-1-aluno-javascript instance=codespaces-75b048 scope=dapr.runtime type=log ver=1.12.2
time="2023-11-24T01:18:51.14185047Z" level=info msg="app id: tapr-2023-1-aluno-javascript" app_id=tapr-2023-1-aluno-javascript instance=codespaces-75b048 scope=dapr.runtime type=log ver=1.12.2
time="2023-11-24T01:18:51.142136513Z" level=info msg="Dapr trace sampler initialized: DaprTraceSampler(P=1.000000)" app_id=tapr-2023-1-aluno-javascript instance=codespaces-75b048 scope=dapr.runtime type=log ver=1.12.2
time="2023-11-24T01:18:51.153752122Z" level=info msg="local service entry announced: tapr-2023-1-aluno-javascript -> 172.16.5.4:36525" app_id=tapr-2023-1-aluno-javascript component="mdns (nameResolution/v1)" instance=codespaces-75b048 scope=dapr.contrib type=log ver=1.12.2
time="2023-11-24T01:18:51.154035099Z" level=info msg="Initialized name resolution to mdns" app_id=tapr-2023-1-aluno-javascript instance=codespaces-75b048 scope=dapr.runtime type=log ver=1.12.2
time="2023-11-24T01:18:51.154333505Z" level=info msg="Loading components…" app_id=tapr-2023-1-aluno-javascript instance=codespaces-75b048 scope=dapr.runtime type=log ver=1.12.2
time="2023-11-24T01:18:51.156755317Z" level=info msg="Waiting for all outstanding components to be processed…" app_id=tapr-2023-1-aluno-javascript instance=codespaces-75b048 scope=dapr.runtime type=log ver=1.12.2
time="2023-11-24T01:18:54.161615672Z" level=info msg="Component loaded: servicebus-pubsub (pubsub.azure.servicebus.topics/v1)" app_id=tapr-2023-1-aluno-javascript instance=codespaces-75b048 scope=dapr.runtime type=log ver=1.12.2
time="2023-11-24T01:18:54.161710679Z" level=info msg="All outstanding components processed" app_id=tapr-2023-1-aluno-javascript instance=codespaces-75b048 scope=dapr.runtime type=log ver=1.12.2
time="2023-11-24T01:18:54.161741006Z" level=info msg="Loading endpoints…" app_id=tapr-2023-1-aluno-javascript instance=codespaces-75b048 scope=dapr.runtime type=log ver=1.12.2
time="2023-11-24T01:18:54.161980281Z" level=info msg="Waiting for all outstanding http endpoints to be processed…" app_id=tapr-2023-1-aluno-javascript instance=codespaces-75b048 scope=dapr.runtime type=log ver=1.12.2
time="2023-11-24T01:18:54.162021569Z" level=info msg="All outstanding http endpoints processed" app_id=tapr-2023-1-aluno-javascript instance=codespaces-75b048 scope=dapr.runtime type=log ver=1.12.2
time="2023-11-24T01:18:54.162127045Z" level=info msg="gRPC server listening on TCP address: :37579" app_id=tapr-2023-1-aluno-javascript instance=codespaces-75b048 scope=dapr.runtime.grpc.api type=log ver=1.12.2
time="2023-11-24T01:18:54.162162741Z" level=info msg="Enabled gRPC tracing middleware" app_id=tapr-2023-1-aluno-javascript instance=codespaces-75b048 scope=dapr.runtime.grpc.api type=log ver=1.12.2
time="2023-11-24T01:18:54.162185033Z" level=info msg="Enabled gRPC metrics middleware" app_id=tapr-2023-1-aluno-javascript instance=codespaces-75b048 scope=dapr.runtime.grpc.api type=log ver=1.12.2
time="2023-11-24T01:18:54.162289698Z" level=info msg="Registering workflow engine for gRPC endpoint: [::]:37579" app_id=tapr-2023-1-aluno-javascript instance=codespaces-75b048 scope=dapr.runtime.grpc.api type=log ver=1.12.2
time="2023-11-24T01:18:54.162702397Z" level=info msg="API gRPC server is running on port 37579" app_id=tapr-2023-1-aluno-javascript instance=codespaces-75b048 scope=dapr.runtime type=log ver=1.12.2
time="2023-11-24T01:18:54.162993419Z" level=info msg="Enabled max body size HTTP middleware with size 4 MB" app_id=tapr-2023-1-aluno-javascript instance=codespaces-75b048 scope=dapr.runtime.http type=log ver=1.12.2
time="2023-11-24T01:18:54.163031279Z" level=info msg="Enabled tracing HTTP middleware" app_id=tapr-2023-1-aluno-javascript instance=codespaces-75b048 scope=dapr.runtime.http type=log ver=1.12.2
time="2023-11-24T01:18:54.16306368Z" level=info msg="Enabled metrics HTTP middleware" app_id=tapr-2023-1-aluno-javascript instance=codespaces-75b048 scope=dapr.runtime.http type=log ver=1.12.2
time="2023-11-24T01:18:54.163500714Z" level=info msg="HTTP server listening on TCP address: :35897" app_id=tapr-2023-1-aluno-javascript instance=codespaces-75b048 scope=dapr.runtime.http type=log ver=1.12.2
time="2023-11-24T01:18:54.163566336Z" level=info msg="HTTP server is running on port 35897" app_id=tapr-2023-1-aluno-javascript instance=codespaces-75b048 scope=dapr.runtime type=log ver=1.12.2
time="2023-11-24T01:18:54.163590792Z" level=info msg="The request body size parameter is: 4" app_id=tapr-2023-1-aluno-javascript instance=codespaces-75b048 scope=dapr.runtime type=log ver=1.12.2
time="2023-11-24T01:18:54.16364913Z" level=info msg="gRPC server listening on TCP address: :36525" app_id=tapr-2023-1-aluno-javascript instance=codespaces-75b048 scope=dapr.runtime.grpc.internal type=log ver=1.12.2
time="2023-11-24T01:18:54.163680629Z" level=info msg="Enabled gRPC tracing middleware" app_id=tapr-2023-1-aluno-javascript instance=codespaces-75b048 scope=dapr.runtime.grpc.internal type=log ver=1.12.2
time="2023-11-24T01:18:54.16370252Z" level=info msg="Enabled gRPC metrics middleware" app_id=tapr-2023-1-aluno-javascript instance=codespaces-75b048 scope=dapr.runtime.grpc.internal type=log ver=1.12.2
time="2023-11-24T01:18:54.163744438Z" level=info msg="Internal gRPC server is running on port 36525" app_id=tapr-2023-1-aluno-javascript instance=codespaces-75b048 scope=dapr.runtime type=log ver=1.12.2
time="2023-11-24T01:18:54.163821632Z" level=info msg="application protocol: http. waiting on port 3000.  This will block until the app is listening on that port." app_id=tapr-2023-1-aluno-javascript instance=codespaces-75b048 scope=dapr.runtime type=log ver=1.12.2
time="2023-11-24T01:18:55.270509967Z" level=info msg="application discovered on port 3000" app_id=tapr-2023-1-aluno-javascript instance=codespaces-75b048 scope=dapr.runtime type=log ver=1.12.2
time="2023-11-24T01:18:55.404281562Z" level=info msg="Application configuration loaded" app_id=tapr-2023-1-aluno-javascript instance=codespaces-75b048 scope=dapr.runtime type=log ver=1.12.2
time="2023-11-24T01:18:55.404407957Z" level=info msg="actors: state store is not configured - this is okay for clients but services with hosted actors will fail to initialize!" app_id=tapr-2023-1-aluno-javascript instance=codespaces-75b048 scope=dapr.runtime type=log ver=1.12.2
time="2023-11-24T01:18:55.405110887Z" level=info msg="Actor runtime started. Actor idle timeout: 1h0m0s. Actor scan interval: 30s" app_id=tapr-2023-1-aluno-javascript instance=codespaces-75b048 scope=dapr.runtime.actor type=log ver=1.12.2
time="2023-11-24T01:18:55.405286945Z" level=info msg="Configuring workflow engine with actors backend" app_id=tapr-2023-1-aluno-javascript instance=codespaces-75b048 scope=dapr.runtime.wfengine type=log ver=1.12.2
time="2023-11-24T01:18:55.406365805Z" level=info msg="Registering component for dapr workflow engine..." app_id=tapr-2023-1-aluno-javascript instance=codespaces-75b048 scope=dapr.runtime type=log ver=1.12.2
time="2023-11-24T01:18:55.406446365Z" level=info msg="Initializing Dapr workflow component" app_id=tapr-2023-1-aluno-javascript component="dapr (workflow.dapr/v1)" instance=codespaces-75b048 scope=dapr.contrib type=log ver=1.12.2
time="2023-11-24T01:18:55.419611757Z" level=info msg="dapr initialized. Status: Running. Init Elapsed 4277ms" app_id=tapr-2023-1-aluno-javascript instance=codespaces-75b048 scope=dapr.runtime type=log ver=1.12.2
time="2023-11-24T01:18:55.492167693Z" level=info msg="Placement tables updated, version: 0" app_id=tapr-2023-1-aluno-javascript instance=codespaces-75b048 scope=dapr.runtime.actors.placement type=log ver=1.12.2
Updating metadata for app command: npm run dev
Updating metadata for appPID: 58668
You're up and running! Dapr logs will appear here.


termination signal received: shutting down
Exited Dapr successfully
Exited App successfully
